<?xml version="1.0" encoding="UTF-8"?>
<!-- Generated by org.testng.reporters.JUnitReportReporter -->
<testsuite skipped="0" hostname="TYSS-Deepak" name="com.orgtest.OrganizationTest" tests="3" failures="0" timestamp="2022-05-10T12:15:29 IST" time="0.002" errors="0">
  <testcase name="createOrgTest" time="0.002" classname="com.orgtest.OrganizationTest"/>
  <system-out/>
  <testcase name="deleteOrgTest" time="0.000" classname="com.orgtest.OrganizationTest"/>
  <system-out/>
  <testcase name="modifyOrgTest" time="0.000" classname="com.orgtest.OrganizationTest"/>
  <system-out/>
</testsuite> <!-- com.orgtest.OrganizationTest -->
