<?xml version="1.0" encoding="UTF-8"?>
<!-- Generated by org.testng.reporters.JUnitReportReporter -->
<testsuite skipped="0" hostname="TYSS-Deepak" name="com.contacttest.ContactModifyTest" tests="3" failures="0" timestamp="2022-05-10T12:15:29 IST" time="0.004" errors="0">
  <testcase name="ContactAddressTest" time="0.004" classname="com.contacttest.ContactModifyTest"/>
  <system-out/>
  <testcase name="createContactNameEditTest" time="0.000" classname="com.contacttest.ContactModifyTest"/>
  <system-out/>
  <testcase name="createContactNumberEditTest" time="0.000" classname="com.contacttest.ContactModifyTest"/>
  <system-out/>
</testsuite> <!-- com.contacttest.ContactModifyTest -->
