<?xml version="1.0" encoding="UTF-8"?>
<!-- Generated by org.testng.reporters.JUnitReportReporter -->
<testsuite skipped="0" hostname="TYSS-Deepak" name="com.contacttest.ContactTest" tests="3" failures="0" timestamp="2022-05-10T12:15:29 IST" time="0.000" errors="0">
  <testcase name="createContactTest" time="0.000" classname="com.contacttest.ContactTest"/>
  <system-out/>
  <testcase name="modifyContactTest" time="0.000" classname="com.contacttest.ContactTest"/>
  <system-out/>
  <testcase name="deleteContactTest" time="0.000" classname="com.contacttest.ContactTest"/>
  <system-out/>
</testsuite> <!-- com.contacttest.ContactTest -->
