<?xml version="1.0" encoding="UTF-8"?>
<!-- Generated by org.testng.reporters.JUnitReportReporter -->
<testsuite hostname="TYSS-Deepak" failures="0" tests="3" name="com.contacttest.ContactModifyTest" time="0.009" errors="0" timestamp="2022-05-10T12:18:41 IST" skipped="0">
  <testcase classname="com.contacttest.ContactModifyTest" name="createContactNumberEditTest" time="0.001"/>
  <system-out/>
  <testcase classname="com.contacttest.ContactModifyTest" name="ContactAddressTest" time="0.007"/>
  <system-out/>
  <testcase classname="com.contacttest.ContactModifyTest" name="createContactNameEditTest" time="0.001"/>
  <system-out/>
</testsuite> <!-- com.contacttest.ContactModifyTest -->
